<?xml version="1.0"?>
<!--
  ~ Copyright (c) 2021, 2022 Oracle and/or its affiliates.
  ~ Licensed under the Universal Permissive License v 1.0 as shown at
  ~ https://oss.oracle.com/licenses/upl.
  -->
<cache-config xmlns:xsi="http://www.w3.org/2001/XMLSchema-instance"
              xmlns="http://xmlns.oracle.com/coherence/coherence-cache-config"
              xsi:schemaLocation="http://xmlns.oracle.com/coherence/coherence-cache-config coherence-cache-config.xsd">

  <defaults>
    <serializer>pof</serializer>
  </defaults>

  <caching-scheme-mapping>
    <cache-mapping>
      <cache-name>*</cache-name>
      <scheme-name>distributed-scheme</scheme-name>
    </cache-mapping>
    <cache-mapping>
      <cache-name>2-*</cache-name>
      <scheme-name>distributed-scheme2</scheme-name>
    </cache-mapping>
    <cache-mapping>
      <cache-name>canary</cache-name>
      <scheme-name>canary-scheme</scheme-name>
    </cache-mapping>
    <cache-mapping>
      <cache-name>cache-store-*</cache-name>
      <scheme-name>simple-cache-store</scheme-name>
    </cache-mapping>
  </caching-scheme-mapping>

  <topic-scheme-mapping>
    <topic-mapping>
      <topic-name>public-messages</topic-name>
      <scheme-name>topic-server</scheme-name>
      <value-type>java.lang.String</value-type>
    </topic-mapping>
    <topic-mapping>
      <topic-name>private-messages</topic-name>
      <scheme-name>topic-server</scheme-name>
      <value-type>java.lang.String</value-type>
      <subscriber-groups>
        <subscriber-group>
          <name>admin</name>
        </subscriber-group>
      </subscriber-groups>
    </topic-mapping>
  </topic-scheme-mapping>

  <caching-schemes>
    <distributed-scheme>
      <scheme-name>distributed-scheme</scheme-name>
      <service-name>PartitionedCache</service-name>
      <local-storage system-property="coherence.distributed.localstorage">true
      </local-storage>
      <partition-count>31</partition-count>
      <backing-map-scheme>
        <local-scheme/>
      </backing-map-scheme>
      <persistence>
        <environment>simple-bdb-environment</environment>
        <archiver system-property="test.persistence.archiver">
          simple-directory-archiver
        </archiver>
      </persistence>
      <autostart>true</autostart>
    </distributed-scheme>
    <distributed-scheme>
      <scheme-name>distributed-scheme2</scheme-name>
      <service-name>PartitionedCache2</service-name>
      <local-storage system-property="coherence.distributed.localstorage">true
      </local-storage>
      <partition-count>31</partition-count>
      <backing-map-scheme>
        <local-scheme/>
      </backing-map-scheme>
      <persistence>
        <environment>simple-bdb-environment</environment>
        <archiver system-property="test.persistence.archiver">simple-directory-archiver</archiver>
      </persistence>
      <autostart>true</autostart>
    </distributed-scheme>

    <distributed-scheme>
      <scheme-name>canary-scheme</scheme-name>
      <service-name>CanaryService</service-name>
      <local-storage system-property="coherence.distributed.localstorage">true</local-storage>
      <partition-count>31</partition-count>
      <backing-map-scheme>
        <local-scheme/>
      </backing-map-scheme>
      <autostart>true</autostart>
    </distributed-scheme>

    <distributed-scheme>
      <scheme-name>simple-cache-store</scheme-name>
      <service-name>PartitionedCacheWriteBehind</service-name>
      <thread-count-min>10</thread-count-min>
      <backing-map-scheme>
        <read-write-backing-map-scheme>
          <internal-cache-scheme>
            <local-scheme>
              <unit-calculator>BINARY</unit-calculator>
              <expiry-delay>5m</expiry-delay>
            </local-scheme>
          </internal-cache-scheme>
          <write-max-batch-size>128</write-max-batch-size>
          <cachestore-scheme>
            <class-scheme>
              <class-name>com.oracle.coherence.cli.testing.SimpleCacheStore</class-name>
              <init-params>
                <init-param>
                  <param-type>java.lang.String</param-type>
                  <param-value>{cache-name}</param-value>
                </init-param>
              </init-params>
            </class-scheme>
          </cachestore-scheme>
          <write-delay>10s</write-delay>
          <write-batch-factor>0</write-batch-factor>
          <write-requeue-threshold>0</write-requeue-threshold>
        </read-write-backing-map-scheme>
      </backing-map-scheme>
      <autostart>true</autostart>
    </distributed-scheme>

    <proxy-scheme>
      <service-name>Proxy</service-name>
      <acceptor-config>
        <tcp-acceptor>
          <local-address>
            <address system-property="coherence.extend.address">0.0.0.0
            </address>
            <port system-property="coherence.extend.port">20000</port>
          </local-address>
        </tcp-acceptor>
      </acceptor-config>
      <autostart>true</autostart>
    </proxy-scheme>

    <paged-topic-scheme>
      <scheme-name>topic-server</scheme-name>
      <service-name>${coherence.service.name Partitioned}Topic</service-name>
      <local-storage system-property="coherence.distributed.localstorage">true</local-storage>
      <autostart system-property="coherence.topic.enabled">true</autostart>
      <high-units>{topic-high-units-bytes 0B}</high-units>
    </paged-topic-scheme>
  </caching-schemes>
</cache-config>
