<?xml version="1.0"?>
<!--
  ~ Copyright (c) 2024 Oracle and/or its affiliates.
  ~ Licensed under the Universal Permissive License v 1.0 as shown at
  ~ https://oss.oracle.com/licenses/upl.
  -->

<cache-config xmlns:xsi="http://www.w3.org/2001/XMLSchema-instance"
              xmlns="http://xmlns.oracle.com/coherence/coherence-cache-config"
              xsi:schemaLocation="http://xmlns.oracle.com/coherence/coherence-cache-config coherence-cache-config.xsd">

  <caching-scheme-mapping>
    <cache-mapping>
      <cache-name>*</cache-name>
      <scheme-name>view-cache-scheme</scheme-name>
    </cache-mapping>
  </caching-scheme-mapping>

  <caching-schemes>
    <view-scheme>
      <scheme-name>view-cache-scheme</scheme-name>
      <back-scheme>
        <distributed-scheme>
          <scheme-ref>test-distributed-scheme</scheme-ref>
        </distributed-scheme>
      </back-scheme>
      <read-only>false</read-only>
    </view-scheme>

    <distributed-scheme>
      <scheme-name>test-distributed-scheme</scheme-name>
      <service-name>ViewDistributedCacheService</service-name>
      <thread-count-min>10</thread-count-min>
      <!-- on client side its false and on server side its true-->
      <backing-map-scheme>
        <local-scheme>
          <unit-calculator>BINARY</unit-calculator>
        </local-scheme>
      </backing-map-scheme>
      <autostart>true</autostart>
    </distributed-scheme>
  </caching-schemes>
</cache-config>